[INFO ] 2022-11-12 10:14:28.508 [main] DataDrivenFrameWorksheet - for info only
[FATAL] 2022-11-12 10:14:28.511 [main] DataDrivenFrameWorksheet - fatal msg
[ERROR] 2022-11-12 10:14:28.511 [main] DataDrivenFrameWorksheet - error message
[WARN ] 2022-11-12 10:14:28.511 [main] DataDrivenFrameWorksheet - warning message
[INFO ] 2022-11-12 10:15:48.541 [main] DataDrivenFrameWorksheet - opened
[INFO ] 2022-11-12 10:15:56.686 [main] DataDrivenFrameWorksheet - VerifyLogin-failed
[INFO ] 2022-11-12 10:41:36.340 [main] DataDrivenFrameWorksheet - opened
[INFO ] 2022-11-12 10:41:44.734 [main] DataDrivenFrameWorksheet - VerifyLogin-failed
[INFO ] 2022-11-12 10:42:42.074 [main] DataDrivenFrameWorksheet - opened
[INFO ] 2022-11-12 10:42:50.484 [main] DataDrivenFrameWorksheet - VerifyLogin-failed
[INFO ] 2022-11-12 10:43:11.110 [main] DataDrivenFrameWorksheet - opened
[INFO ] 2022-11-12 10:43:19.456 [main] DataDrivenFrameWorksheet - VerifyLogin-Passed
[INFO ] 2022-11-12 10:46:13.629 [main] DataDrivenFrameWorksheet - opened
[INFO ] 2022-11-12 10:46:22.032 [main] DataDrivenFrameWorksheet - VerifyLogin-Passed
[INFO ] 2022-11-12 10:47:21.279 [main] DataDrivenFrameWorksheet - opened
[INFO ] 2022-11-12 10:47:29.625 [main] DataDrivenFrameWorksheet - VerifyLogin-Passed
[INFO ] 2022-11-12 10:47:29.629 [main] DataDrivenFrameWorksheet - VerifyLogin-failed
[INFO ] 2022-11-12 10:49:00.718 [main] DataDrivenFrameWorksheet - opened
[INFO ] 2022-11-12 10:49:08.904 [main] DataDrivenFrameWorksheet - VerifyLogin-Passed
[INFO ] 2022-11-12 10:49:08.908 [main] DataDrivenFrameWorksheet - VerifyLogin-failed
[INFO ] 2022-11-12 10:49:39.846 [main] DataDrivenFrameWorksheet - opened
[INFO ] 2022-11-12 10:49:48.385 [main] DataDrivenFrameWorksheet - VerifyLogin-Passed
[INFO ] 2022-11-12 10:55:54.075 [main] DataDrivenFrameWorksheet - opened
[INFO ] 2022-11-12 10:56:02.445 [main] DataDrivenFrameWorksheet - VerifyLogin-Passed
[INFO ] 2022-11-12 11:01:22.704 [main] DataDrivenFrameWorksheet - opened
[INFO ] 2022-11-12 11:01:31.126 [main] DataDrivenFrameWorksheet - VerifyLogin-Passed
[INFO ] 2022-11-12 11:01:36.401 [main] DataDrivenFrameWorksheet - VerifyLogin-failed
[INFO ] 2022-11-12 11:03:27.298 [main] DataDrivenFrameWorksheet - opened
[INFO ] 2022-11-12 11:03:35.388 [main] DataDrivenFrameWorksheet - VerifyLogin-Passed
[INFO ] 2022-11-12 11:03:40.641 [main] DataDrivenFrameWorksheet - VerifyLogin-failed
[INFO ] 2022-11-12 11:05:05.658 [main] DataDrivenFrameWorksheet - opened
[INFO ] 2022-11-12 11:05:13.960 [main] DataDrivenFrameWorksheet - VerifyLogin-failed
[INFO ] 2022-11-12 11:06:28.486 [main] DataDrivenFrameWorksheet - opened
[INFO ] 2022-11-12 11:06:37.104 [main] DataDrivenFrameWorksheet - VerifyLogin-failed
[INFO ] 2022-11-12 11:10:13.313 [main] DataDrivenFrameWorksheet - opened
[INFO ] 2022-11-12 11:10:21.690 [main] DataDrivenFrameWorksheet - VerifyLogin-Passed
[INFO ] 2022-11-12 11:10:21.695 [main] DataDrivenFrameWorksheet - VerifyLogin-failed
[INFO ] 2022-11-12 11:12:55.671 [main] DataDrivenFrameWorksheet - opened
[INFO ] 2022-11-12 11:13:04.380 [main] DataDrivenFrameWorksheet - VerifyLogin-failed
[INFO ] 2022-11-12 11:22:43.384 [main] DataDrivenFrameWorksheet - opened
[INFO ] 2022-11-12 11:22:51.466 [main] DataDrivenFrameWorksheet - VerifyLogin-failed
[INFO ] 2022-11-12 11:25:20.171 [main] DataDrivenFrameWorksheet - opened
[INFO ] 2022-11-12 11:25:28.362 [main] DataDrivenFrameWorksheet - VerifyLogin-failed
[INFO ] 2022-11-12 11:25:58.724 [main] DataDrivenFrameWorksheet - opened
[INFO ] 2022-11-12 11:26:06.985 [main] DataDrivenFrameWorksheet - VerifyLogin-failed
[INFO ] 2022-11-12 11:26:52.000 [main] DataDrivenFrameWorksheet - opened
[INFO ] 2022-11-12 11:27:00.213 [main] DataDrivenFrameWorksheet - VerifyLogin-failed
[INFO ] 2022-11-12 11:33:20.368 [main] DataDrivenFrameWorksheet - opened
[INFO ] 2022-11-12 11:33:28.454 [main] DataDrivenFrameWorksheet - VerifyLogin-Passed
[INFO ] 2022-11-12 11:33:33.779 [main] DataDrivenFrameWorksheet - VerifyLogin-Passed
[INFO ] 2022-11-12 11:34:00.780 [main] DataDrivenFrameWorksheet - opened
[INFO ] 2022-11-12 11:34:09.125 [main] DataDrivenFrameWorksheet - VerifyLogin-Passed
[INFO ] 2022-11-12 11:34:14.769 [main] DataDrivenFrameWorksheet - VerifyLogin-failed
[INFO ] 2022-11-12 11:35:38.888 [main] DataDrivenFrameWorksheet - opened
[INFO ] 2022-11-12 11:35:47.648 [main] DataDrivenFrameWorksheet - VerifyLogin-failed
[INFO ] 2022-11-12 11:36:48.295 [main] DataDrivenFrameWorksheet - opened
[INFO ] 2022-11-12 11:36:56.850 [main] DataDrivenFrameWorksheet - VerifyLogin-failed
[INFO ] 2022-11-12 11:38:53.857 [main] DataDrivenFrameWorksheet - opened
[INFO ] 2022-11-12 11:39:02.361 [main] DataDrivenFrameWorksheet - VerifyLogin-Passed
[INFO ] 2022-11-12 11:39:07.728 [main] DataDrivenFrameWorksheet - VerifyLogin-Passed
[INFO ] 2022-11-12 11:56:54.520 [main] DataDrivenFrameWorksheet - opened
[INFO ] 2022-11-12 11:57:02.971 [main] DataDrivenFrameWorksheet - VerifyLogin-Passed
[INFO ] 2022-11-12 11:57:08.302 [main] DataDrivenFrameWorksheet - VerifyLogin-Passed
[INFO ] 2022-11-12 11:57:42.248 [main] DataDrivenFrameWorksheet - opened
[INFO ] 2022-11-12 11:57:50.474 [main] DataDrivenFrameWorksheet - VerifyLogin-Passed
[INFO ] 2022-11-12 11:57:55.770 [main] DataDrivenFrameWorksheet - VerifyLogin-Passed
[INFO ] 2022-11-12 12:15:00.147 [main] DataDrivenFrameWorksheet - opened
[INFO ] 2022-11-12 12:15:08.382 [main] DataDrivenFrameWorksheet - VerifyLogin-Passed
[INFO ] 2022-11-12 12:15:13.711 [main] DataDrivenFrameWorksheet - VerifyLogin-Passed
[INFO ] 2022-11-12 12:15:19.346 [main] DataDrivenFrameWorksheet - VerifyLogin-Passed
[INFO ] 2022-11-12 12:15:40.177 [main] DataDrivenFrameWorksheet - opened
[INFO ] 2022-11-12 12:15:48.458 [main] DataDrivenFrameWorksheet - VerifyLogin-Passed
[INFO ] 2022-11-12 12:15:53.787 [main] DataDrivenFrameWorksheet - VerifyLogin-Passed
[INFO ] 2022-11-12 12:15:59.359 [main] DataDrivenFrameWorksheet - VerifyLogin-failed
[INFO ] 2022-11-12 12:20:48.393 [main] DataDrivenFrameWorksheet - for info only
[FATAL] 2022-11-12 12:20:48.395 [main] DataDrivenFrameWorksheet - fatal msg
[ERROR] 2022-11-12 12:20:48.396 [main] DataDrivenFrameWorksheet - error message
[WARN ] 2022-11-12 12:20:48.396 [main] DataDrivenFrameWorksheet - warning message
[INFO ] 2022-11-12 12:52:23.372 [main] DataDrivenFrameWorksheet - opened
[INFO ] 2022-11-12 12:52:31.566 [main] DataDrivenFrameWorksheet - VerifyLogin-Passed
[INFO ] 2022-11-12 12:52:36.921 [main] DataDrivenFrameWorksheet - VerifyLogin-Passed
[INFO ] 2022-11-12 12:52:42.613 [main] DataDrivenFrameWorksheet - VerifyLogin-Passed
[INFO ] 2022-11-12 12:53:40.009 [main] DataDrivenFrameWorksheet - opened
[INFO ] 2022-11-12 12:53:48.375 [main] DataDrivenFrameWorksheet - VerifyLogin-Passed
[INFO ] 2022-11-12 12:53:53.685 [main] DataDrivenFrameWorksheet - VerifyLogin-Passed
[INFO ] 2022-11-12 12:53:59.305 [main] DataDrivenFrameWorksheet - VerifyLogin-Passed
[INFO ] 2022-11-12 13:01:40.098 [main] DataDrivenFrameWorksheet - opened
[INFO ] 2022-11-12 13:01:48.445 [main] DataDrivenFrameWorksheet - VerifyLogin-Passed
[INFO ] 2022-11-12 13:01:53.967 [main] DataDrivenFrameWorksheet - VerifyLogin-Passed
[INFO ] 2022-11-12 13:01:59.145 [main] DataDrivenFrameWorksheet - VerifyLogin-Passed
[INFO ] 2022-11-12 13:02:50.101 [main] DataDrivenFrameWorksheet - VerifyLogin--passed
[INFO ] 2022-11-12 13:03:25.772 [main] DataDrivenFrameWorksheet - opened
[INFO ] 2022-11-12 13:03:34.190 [main] DataDrivenFrameWorksheet - VerifyLogin-Passed
[INFO ] 2022-11-12 13:03:39.467 [main] DataDrivenFrameWorksheet - VerifyLogin-Passed
[INFO ] 2022-11-12 13:03:45.113 [main] DataDrivenFrameWorksheet - VerifyLogin-Passed
[INFO ] 2022-11-12 13:04:36.081 [main] DataDrivenFrameWorksheet - VerifyLogin-failed
[INFO ] 2022-11-12 13:06:41.767 [main] DataDrivenFrameWorksheet - opened
[INFO ] 2022-11-12 13:07:11.641 [main] DataDrivenFrameWorksheet - opened
[INFO ] 2022-11-12 13:07:19.940 [main] DataDrivenFrameWorksheet - VerifyLogin-Passed
[INFO ] 2022-11-12 13:07:25.398 [main] DataDrivenFrameWorksheet - VerifyLogin-Passed
[INFO ] 2022-11-12 13:07:30.578 [main] DataDrivenFrameWorksheet - VerifyLogin-Passed
[INFO ] 2022-11-12 13:08:21.543 [main] DataDrivenFrameWorksheet - VerifyProduct-failed
[INFO ] 2022-11-12 13:25:38.988 [main] DataDrivenFrameWorksheet - opened
[INFO ] 2022-11-12 13:25:47.316 [main] DataDrivenFrameWorksheet - VerifyLogin-Passed
[INFO ] 2022-11-12 13:25:52.613 [main] DataDrivenFrameWorksheet - VerifyLogin-Passed
[INFO ] 2022-11-12 13:25:58.245 [main] DataDrivenFrameWorksheet - VerifyLogin-Passed
[INFO ] 2022-11-12 13:26:49.270 [main] DataDrivenFrameWorksheet - VerifyProduct--passed
[INFO ] 2022-11-12 13:27:28.818 [main] DataDrivenFrameWorksheet - opened
[INFO ] 2022-11-12 13:27:37.034 [main] DataDrivenFrameWorksheet - VerifyLogin-Passed
[INFO ] 2022-11-12 13:27:42.306 [main] DataDrivenFrameWorksheet - VerifyLogin-Passed
[INFO ] 2022-11-12 13:27:47.957 [main] DataDrivenFrameWorksheet - VerifyLogin-Passed
[INFO ] 2022-11-12 13:28:38.942 [main] DataDrivenFrameWorksheet - VerifyProduct--passed
[INFO ] 2022-11-12 13:29:11.720 [main] DataDrivenFrameWorksheet - opened
[INFO ] 2022-11-12 13:29:19.909 [main] DataDrivenFrameWorksheet - VerifyLogin-Passed
[INFO ] 2022-11-12 13:29:25.205 [main] DataDrivenFrameWorksheet - VerifyLogin-Passed
[INFO ] 2022-11-12 13:29:30.793 [main] DataDrivenFrameWorksheet - VerifyLogin-Passed
[INFO ] 2022-11-12 13:30:21.796 [main] DataDrivenFrameWorksheet - VerifyProduct--passed
[INFO ] 2022-11-12 14:44:19.103 [main] DataDrivenFrameWorksheet - opened
[INFO ] 2022-11-12 14:44:27.686 [main] DataDrivenFrameWorksheet - VerifyLogin-Passed
[INFO ] 2022-11-12 14:44:32.984 [main] DataDrivenFrameWorksheet - VerifyLogin-Passed
[INFO ] 2022-11-12 14:44:38.641 [main] DataDrivenFrameWorksheet - VerifyLogin-Passed
[INFO ] 2022-11-12 14:45:29.643 [main] DataDrivenFrameWorksheet - VerifyProduct--passed
[INFO ] 2022-11-14 10:35:00.260 [main] DataDrivenFrameWorksheet - opened
[INFO ] 2022-11-14 10:35:08.583 [main] DataDrivenFrameWorksheet - VerifyLogin-Passed
[INFO ] 2022-11-14 10:35:13.874 [main] DataDrivenFrameWorksheet - VerifyLogin-Passed
[INFO ] 2022-11-14 10:35:20.426 [main] DataDrivenFrameWorksheet - opened
[INFO ] 2022-11-14 10:35:28.679 [main] DataDrivenFrameWorksheet - VerifyLogin-Passed
[INFO ] 2022-11-14 10:35:34.003 [main] DataDrivenFrameWorksheet - VerifyLogin-Passed
[INFO ] 2022-11-14 10:35:39.476 [main] DataDrivenFrameWorksheet - VerifyLogin-Passed
[INFO ] 2022-11-14 10:36:30.412 [main] DataDrivenFrameWorksheet - VerifyProduct--passed
[INFO ] 2022-11-14 10:37:48.739 [main] DataDrivenFrameWorksheet - opened
[INFO ] 2022-11-14 10:37:56.975 [main] DataDrivenFrameWorksheet - VerifyLogin-Passed
[INFO ] 2022-11-14 10:38:02.306 [main] DataDrivenFrameWorksheet - VerifyLogin-Passed
[INFO ] 2022-11-14 10:38:08.086 [main] DataDrivenFrameWorksheet - VerifyLogin-Passed
[INFO ] 2022-11-14 10:38:59.086 [main] DataDrivenFrameWorksheet - VerifyProduct--passed
[INFO ] 2022-11-14 10:45:06.825 [main] DataDrivenFrameWorksheet - opened
[INFO ] 2022-11-14 10:45:15.027 [main] DataDrivenFrameWorksheet - VerifyLogin-Passed
[INFO ] 2022-11-14 10:45:20.536 [main] DataDrivenFrameWorksheet - VerifyLogin-Passed
[INFO ] 2022-11-14 10:45:25.784 [main] DataDrivenFrameWorksheet - VerifyLogin-Passed
[INFO ] 2022-11-14 10:46:16.767 [main] DataDrivenFrameWorksheet - VerifyLogin--passed
[INFO ] 2022-11-14 11:21:08.833 [main] DataDrivenFrameWorksheet - opened
[INFO ] 2022-11-14 11:21:17.630 [main] DataDrivenFrameWorksheet - VerifyLogin-Passed
[INFO ] 2022-11-14 11:21:22.924 [main] DataDrivenFrameWorksheet - VerifyLogin-Passed
[INFO ] 2022-11-14 11:21:28.114 [main] DataDrivenFrameWorksheet - VerifyLogin-Passed
[INFO ] 2022-11-14 11:22:19.176 [main] DataDrivenFrameWorksheet - VerifyLogin--passed
